<?xml version="1.0" encoding="UTF-8" standalone="yes"?><!DOCTYPE report PUBLIC "-//JACOCO//DTD Report 1.1//EN" "report.dtd"><report name="CONGA Sling Plugin"><sessioninfo id="fv-az1784-745-a4e05dd5" start="1742810488166" dump="1742810489910"/><sessioninfo id="fv-az1784-745-e4e24e56" start="1742810492617" dump="1742810500209"/><package name="io/wcm/devops/conga/plugins/sling/handlebars/escaping"><class name="io/wcm/devops/conga/plugins/sling/handlebars/escaping/OsgiConfigEscapingStrategy" sourcefilename="OsgiConfigEscapingStrategy.java"><method name="&lt;init&gt;" desc="()V" line="38"><counter type="INSTRUCTION" missed="0" covered="3"/><counter type="LINE" missed="0" covered="1"/><counter type="COMPLEXITY" missed="0" covered="1"/><counter type="METHOD" missed="0" covered="1"/></method><method name="getName" desc="()Ljava/lang/String;" line="85"><counter type="INSTRUCTION" missed="0" covered="2"/><counter type="LINE" missed="0" covered="1"/><counter type="COMPLEXITY" missed="0" covered="1"/><counter type="METHOD" missed="0" covered="1"/></method><method name="accepts" desc="(Ljava/lang/String;Lio/wcm/devops/conga/generator/spi/handlebars/context/EscapingStrategyContext;)Z" line="90"><counter type="INSTRUCTION" missed="0" covered="4"/><counter type="LINE" missed="0" covered="1"/><counter type="COMPLEXITY" missed="0" covered="1"/><counter type="METHOD" missed="0" covered="1"/></method><method name="escape" desc="(Ljava/lang/CharSequence;Lio/wcm/devops/conga/generator/spi/handlebars/context/EscapingStrategyContext;)Ljava/lang/String;" line="95"><counter type="INSTRUCTION" missed="2" covered="6"/><counter type="BRANCH" missed="1" covered="1"/><counter type="LINE" missed="0" covered="1"/><counter type="COMPLEXITY" missed="1" covered="1"/><counter type="METHOD" missed="0" covered="1"/></method><method name="&lt;clinit&gt;" desc="()V" line="53"><counter type="INSTRUCTION" missed="0" covered="69"/><counter type="LINE" missed="0" covered="11"/><counter type="COMPLEXITY" missed="0" covered="1"/><counter type="METHOD" missed="0" covered="1"/></method><counter type="INSTRUCTION" missed="2" covered="84"/><counter type="BRANCH" missed="1" covered="1"/><counter type="LINE" missed="0" covered="15"/><counter type="COMPLEXITY" missed="1" covered="5"/><counter type="METHOD" missed="0" covered="5"/><counter type="CLASS" missed="0" covered="1"/></class><class name="io/wcm/devops/conga/plugins/sling/handlebars/escaping/OsgiConfigEscapingStrategy$1" sourcefilename="OsgiConfigEscapingStrategy.java"><method name="&lt;init&gt;" desc="()V" line="69"><counter type="INSTRUCTION" missed="0" covered="3"/><counter type="LINE" missed="0" covered="1"/><counter type="COMPLEXITY" missed="0" covered="1"/><counter type="METHOD" missed="0" covered="1"/></method><method name="translate" desc="(Ljava/lang/CharSequence;ILjava/io/Writer;)I" line="72"><counter type="INSTRUCTION" missed="0" covered="24"/><counter type="BRANCH" missed="0" covered="2"/><counter type="LINE" missed="0" covered="6"/><counter type="COMPLEXITY" missed="0" covered="2"/><counter type="METHOD" missed="0" covered="1"/></method><counter type="INSTRUCTION" missed="0" covered="27"/><counter type="BRANCH" missed="0" covered="2"/><counter type="LINE" missed="0" covered="7"/><counter type="COMPLEXITY" missed="0" covered="3"/><counter type="METHOD" missed="0" covered="2"/><counter type="CLASS" missed="0" covered="1"/></class><class name="io/wcm/devops/conga/plugins/sling/handlebars/escaping/ProvisioningEscapingStrategy" sourcefilename="ProvisioningEscapingStrategy.java"><method name="&lt;init&gt;" desc="()V" line="33"><counter type="INSTRUCTION" missed="0" covered="3"/><counter type="LINE" missed="0" covered="1"/><counter type="COMPLEXITY" missed="0" covered="1"/><counter type="METHOD" missed="0" covered="1"/></method><method name="getName" desc="()Ljava/lang/String;" line="44"><counter type="INSTRUCTION" missed="0" covered="2"/><counter type="LINE" missed="0" covered="1"/><counter type="COMPLEXITY" missed="0" covered="1"/><counter type="METHOD" missed="0" covered="1"/></method><method name="accepts" desc="(Ljava/lang/String;Lio/wcm/devops/conga/generator/spi/handlebars/context/EscapingStrategyContext;)Z" line="50"><counter type="INSTRUCTION" missed="0" covered="4"/><counter type="LINE" missed="0" covered="1"/><counter type="COMPLEXITY" missed="0" covered="1"/><counter type="METHOD" missed="0" covered="1"/></method><method name="escape" desc="(Ljava/lang/CharSequence;Lio/wcm/devops/conga/generator/spi/handlebars/context/EscapingStrategyContext;)Ljava/lang/String;" line="55"><counter type="INSTRUCTION" missed="2" covered="33"/><counter type="BRANCH" missed="1" covered="3"/><counter type="LINE" missed="1" covered="8"/><counter type="COMPLEXITY" missed="1" covered="2"/><counter type="METHOD" missed="0" covered="1"/></method><method name="&lt;clinit&gt;" desc="()V" line="40"><counter type="INSTRUCTION" missed="0" covered="4"/><counter type="LINE" missed="0" covered="1"/><counter type="COMPLEXITY" missed="0" covered="1"/><counter type="METHOD" missed="0" covered="1"/></method><counter type="INSTRUCTION" missed="2" covered="46"/><counter type="BRANCH" missed="1" covered="3"/><counter type="LINE" missed="1" covered="12"/><counter type="COMPLEXITY" missed="1" covered="6"/><counter type="METHOD" missed="0" covered="5"/><counter type="CLASS" missed="0" covered="1"/></class><sourcefile name="ProvisioningEscapingStrategy.java"><line nr="33" mi="0" ci="3" mb="0" cb="0"/><line nr="40" mi="0" ci="4" mb="0" cb="0"/><line nr="44" mi="0" ci="2" mb="0" cb="0"/><line nr="50" mi="0" ci="4" mb="0" cb="0"/><line nr="55" mi="0" ci="2" mb="1" cb="1"/><line nr="56" mi="2" ci="0" mb="0" cb="0"/><line nr="60" mi="0" ci="4" mb="0" cb="0"/><line nr="63" mi="0" ci="4" mb="0" cb="0"/><line nr="64" mi="0" ci="4" mb="0" cb="0"/><line nr="65" mi="0" ci="3" mb="0" cb="2"/><line nr="66" mi="0" ci="9" mb="0" cb="0"/><line nr="68" mi="0" ci="4" mb="0" cb="0"/><line nr="70" mi="0" ci="3" mb="0" cb="0"/><counter type="INSTRUCTION" missed="2" covered="46"/><counter type="BRANCH" missed="1" covered="3"/><counter type="LINE" missed="1" covered="12"/><counter type="COMPLEXITY" missed="1" covered="6"/><counter type="METHOD" missed="0" covered="5"/><counter type="CLASS" missed="0" covered="1"/></sourcefile><sourcefile name="OsgiConfigEscapingStrategy.java"><line nr="38" mi="0" ci="3" mb="0" cb="0"/><line nr="53" mi="0" ci="4" mb="0" cb="0"/><line nr="55" mi="0" ci="5" mb="0" cb="0"/><line nr="56" mi="0" ci="5" mb="0" cb="0"/><line nr="57" mi="0" ci="5" mb="0" cb="0"/><line nr="58" mi="0" ci="5" mb="0" cb="0"/><line nr="60" mi="0" ci="5" mb="0" cb="0"/><line nr="61" mi="0" ci="5" mb="0" cb="0"/><line nr="62" mi="0" ci="5" mb="0" cb="0"/><line nr="63" mi="0" ci="5" mb="0" cb="0"/><line nr="64" mi="0" ci="5" mb="0" cb="0"/><line nr="66" mi="0" ci="20" mb="0" cb="0"/><line nr="69" mi="0" ci="3" mb="0" cb="0"/><line nr="72" mi="0" ci="4" mb="0" cb="0"/><line nr="73" mi="0" ci="3" mb="0" cb="2"/><line nr="74" mi="0" ci="4" mb="0" cb="0"/><line nr="75" mi="0" ci="9" mb="0" cb="0"/><line nr="76" mi="0" ci="2" mb="0" cb="0"/><line nr="78" mi="0" ci="2" mb="0" cb="0"/><line nr="85" mi="0" ci="2" mb="0" cb="0"/><line nr="90" mi="0" ci="4" mb="0" cb="0"/><line nr="95" mi="2" ci="6" mb="1" cb="1"/><counter type="INSTRUCTION" missed="2" covered="111"/><counter type="BRANCH" missed="1" covered="3"/><counter type="LINE" missed="0" covered="22"/><counter type="COMPLEXITY" missed="1" covered="8"/><counter type="METHOD" missed="0" covered="7"/><counter type="CLASS" missed="0" covered="2"/></sourcefile><counter type="INSTRUCTION" missed="4" covered="157"/><counter type="BRANCH" missed="2" covered="6"/><counter type="LINE" missed="1" covered="34"/><counter type="COMPLEXITY" missed="2" covered="14"/><counter type="METHOD" missed="0" covered="12"/><counter type="CLASS" missed="0" covered="3"/></package><package name="io/wcm/devops/conga/plugins/sling/postprocessor"><class name="io/wcm/devops/conga/plugins/sling/postprocessor/JsonOsgiConfigPostProcessor" sourcefilename="JsonOsgiConfigPostProcessor.java"><method name="&lt;init&gt;" desc="()V" line="41"><counter type="INSTRUCTION" missed="0" covered="3"/><counter type="LINE" missed="0" covered="1"/><counter type="COMPLEXITY" missed="0" covered="1"/><counter type="METHOD" missed="0" covered="1"/></method><method name="getName" desc="()Ljava/lang/String;" line="55"><counter type="INSTRUCTION" missed="0" covered="2"/><counter type="LINE" missed="0" covered="1"/><counter type="COMPLEXITY" missed="0" covered="1"/><counter type="METHOD" missed="0" covered="1"/></method><method name="accepts" desc="(Lio/wcm/devops/conga/generator/spi/context/FileContext;Lio/wcm/devops/conga/generator/spi/context/PostProcessorContext;)Z" line="60"><counter type="INSTRUCTION" missed="0" covered="6"/><counter type="LINE" missed="0" covered="1"/><counter type="COMPLEXITY" missed="0" covered="1"/><counter type="METHOD" missed="0" covered="1"/></method><method name="apply" desc="(Lio/wcm/devops/conga/generator/spi/context/FileContext;Lio/wcm/devops/conga/generator/spi/context/PostProcessorContext;)Ljava/util/List;" line="66"><counter type="INSTRUCTION" missed="7" covered="17"/><counter type="LINE" missed="2" covered="5"/><counter type="COMPLEXITY" missed="0" covered="1"/><counter type="METHOD" missed="0" covered="1"/></method><counter type="INSTRUCTION" missed="7" covered="28"/><counter type="LINE" missed="2" covered="8"/><counter type="COMPLEXITY" missed="0" covered="4"/><counter type="METHOD" missed="0" covered="4"/><counter type="CLASS" missed="0" covered="1"/></class><class name="io/wcm/devops/conga/plugins/sling/postprocessor/ProvisioningOsgiConfigPostProcessor" sourcefilename="ProvisioningOsgiConfigPostProcessor.java"><method name="&lt;init&gt;" desc="()V" line="40"><counter type="INSTRUCTION" missed="0" covered="3"/><counter type="LINE" missed="0" covered="1"/><counter type="COMPLEXITY" missed="0" covered="1"/><counter type="METHOD" missed="0" covered="1"/></method><method name="getName" desc="()Ljava/lang/String;" line="49"><counter type="INSTRUCTION" missed="0" covered="2"/><counter type="LINE" missed="0" covered="1"/><counter type="COMPLEXITY" missed="0" covered="1"/><counter type="METHOD" missed="0" covered="1"/></method><method name="accepts" desc="(Lio/wcm/devops/conga/generator/spi/context/FileContext;Lio/wcm/devops/conga/generator/spi/context/PostProcessorContext;)Z" line="54"><counter type="INSTRUCTION" missed="0" covered="3"/><counter type="LINE" missed="0" covered="1"/><counter type="COMPLEXITY" missed="0" covered="1"/><counter type="METHOD" missed="0" covered="1"/></method><method name="apply" desc="(Lio/wcm/devops/conga/generator/spi/context/FileContext;Lio/wcm/devops/conga/generator/spi/context/PostProcessorContext;)Ljava/util/List;" line="60"><counter type="INSTRUCTION" missed="7" covered="17"/><counter type="LINE" missed="2" covered="5"/><counter type="COMPLEXITY" missed="0" covered="1"/><counter type="METHOD" missed="0" covered="1"/></method><counter type="INSTRUCTION" missed="7" covered="25"/><counter type="LINE" missed="2" covered="8"/><counter type="COMPLEXITY" missed="0" covered="4"/><counter type="METHOD" missed="0" covered="4"/><counter type="CLASS" missed="0" covered="1"/></class><sourcefile name="ProvisioningOsgiConfigPostProcessor.java"><line nr="40" mi="0" ci="3" mb="0" cb="0"/><line nr="49" mi="0" ci="2" mb="0" cb="0"/><line nr="54" mi="0" ci="3" mb="0" cb="0"/><line nr="60" mi="0" ci="3" mb="0" cb="0"/><line nr="63" mi="0" ci="3" mb="0" cb="0"/><line nr="64" mi="0" ci="6" mb="0" cb="0"/><line nr="67" mi="0" ci="3" mb="0" cb="0"/><line nr="70" mi="0" ci="2" mb="0" cb="0"/><line nr="72" mi="1" ci="0" mb="0" cb="0"/><line nr="73" mi="6" ci="0" mb="0" cb="0"/><counter type="INSTRUCTION" missed="7" covered="25"/><counter type="LINE" missed="2" covered="8"/><counter type="COMPLEXITY" missed="0" covered="4"/><counter type="METHOD" missed="0" covered="4"/><counter type="CLASS" missed="0" covered="1"/></sourcefile><sourcefile name="JsonOsgiConfigPostProcessor.java"><line nr="41" mi="0" ci="3" mb="0" cb="0"/><line nr="55" mi="0" ci="2" mb="0" cb="0"/><line nr="60" mi="0" ci="6" mb="0" cb="0"/><line nr="66" mi="0" ci="3" mb="0" cb="0"/><line nr="69" mi="0" ci="3" mb="0" cb="0"/><line nr="72" mi="0" ci="6" mb="0" cb="0"/><line nr="75" mi="0" ci="3" mb="0" cb="0"/><line nr="78" mi="0" ci="2" mb="0" cb="0"/><line nr="80" mi="1" ci="0" mb="0" cb="0"/><line nr="81" mi="6" ci="0" mb="0" cb="0"/><counter type="INSTRUCTION" missed="7" covered="28"/><counter type="LINE" missed="2" covered="8"/><counter type="COMPLEXITY" missed="0" covered="4"/><counter type="METHOD" missed="0" covered="4"/><counter type="CLASS" missed="0" covered="1"/></sourcefile><counter type="INSTRUCTION" missed="14" covered="53"/><counter type="LINE" missed="4" covered="16"/><counter type="COMPLEXITY" missed="0" covered="8"/><counter type="METHOD" missed="0" covered="8"/><counter type="CLASS" missed="0" covered="2"/></package><package name="io/wcm/devops/conga/plugins/sling/util"><class name="io/wcm/devops/conga/plugins/sling/util/RunModeComparator" sourcefilename="RunModeComparator.java"><method name="&lt;init&gt;" desc="()V" line="33"><counter type="INSTRUCTION" missed="0" covered="3"/><counter type="LINE" missed="0" covered="1"/><counter type="COMPLEXITY" missed="0" covered="1"/><counter type="METHOD" missed="0" covered="1"/></method><method name="compare" desc="(Ljava/lang/String;Ljava/lang/String;)I" line="40"><counter type="INSTRUCTION" missed="2" covered="18"/><counter type="BRANCH" missed="1" covered="7"/><counter type="LINE" missed="1" covered="4"/><counter type="COMPLEXITY" missed="1" covered="4"/><counter type="METHOD" missed="0" covered="1"/></method><method name="isServiceRunmode" desc="(Ljava/lang/String;)Z" line="50"><counter type="INSTRUCTION" missed="0" covered="10"/><counter type="BRANCH" missed="1" covered="3"/><counter type="LINE" missed="0" covered="1"/><counter type="COMPLEXITY" missed="1" covered="2"/><counter type="METHOD" missed="0" covered="1"/></method><method name="&lt;clinit&gt;" desc="()V" line="36"><counter type="INSTRUCTION" missed="0" covered="5"/><counter type="LINE" missed="0" covered="1"/><counter type="COMPLEXITY" missed="0" covered="1"/><counter type="METHOD" missed="0" covered="1"/></method><counter type="INSTRUCTION" missed="2" covered="36"/><counter type="BRANCH" missed="2" covered="10"/><counter type="LINE" missed="1" covered="7"/><counter type="COMPLEXITY" missed="2" covered="8"/><counter type="METHOD" missed="0" covered="4"/><counter type="CLASS" missed="0" covered="1"/></class><class name="io/wcm/devops/conga/plugins/sling/util/ConfigConsumer" sourcefilename="ConfigConsumer.java"/><class name="io/wcm/devops/conga/plugins/sling/util/JsonOsgiConfigUtil" sourcefilename="JsonOsgiConfigUtil.java"><method name="readToMap" desc="(Ljava/io/File;)Ljava/util/Map;" line="75"><counter type="INSTRUCTION" missed="0" covered="13"/><counter type="LINE" missed="0" covered="3"/><counter type="COMPLEXITY" missed="0" covered="1"/><counter type="METHOD" missed="0" covered="1"/></method><method name="convertListsToArrays" desc="(Ljava/util/Map;)Ljava/util/Map;" line="86"><counter type="INSTRUCTION" missed="0" covered="53"/><counter type="BRANCH" missed="0" covered="6"/><counter type="LINE" missed="0" covered="13"/><counter type="COMPLEXITY" missed="0" covered="4"/><counter type="METHOD" missed="0" covered="1"/></method><method name="detectArrayType" desc="(Ljava/util/Collection;)Ljava/lang/Class;" line="106"><counter type="INSTRUCTION" missed="0" covered="32"/><counter type="BRANCH" missed="0" covered="10"/><counter type="LINE" missed="0" covered="11"/><counter type="COMPLEXITY" missed="0" covered="6"/><counter type="METHOD" missed="0" covered="1"/></method><method name="readToProvisioningModel" desc="(Ljava/io/File;)Lorg/apache/sling/provisioning/model/Model;" line="130"><counter type="INSTRUCTION" missed="0" covered="37"/><counter type="BRANCH" missed="0" covered="2"/><counter type="LINE" missed="0" covered="8"/><counter type="COMPLEXITY" missed="0" covered="2"/><counter type="METHOD" missed="0" covered="1"/></method><method name="processEntry" desc="(Lorg/apache/sling/provisioning/model/Feature;Ljava/lang/String;Ljava/lang/Object;)V" line="147"><counter type="INSTRUCTION" missed="24" covered="44"/><counter type="BRANCH" missed="3" covered="5"/><counter type="LINE" missed="3" covered="13"/><counter type="COMPLEXITY" missed="3" covered="2"/><counter type="METHOD" missed="0" covered="1"/></method><method name="toRunModes" desc="(Ljava/lang/String;)[Ljava/lang/String;" line="175"><counter type="INSTRUCTION" missed="0" covered="9"/><counter type="BRANCH" missed="0" covered="2"/><counter type="LINE" missed="0" covered="3"/><counter type="COMPLEXITY" missed="0" covered="2"/><counter type="METHOD" missed="0" covered="1"/></method><method name="processOsgiConfiguration" desc="(Lorg/apache/sling/provisioning/model/Feature;[Ljava/lang/String;Ljava/util/Map;)V" line="186"><counter type="INSTRUCTION" missed="9" covered="59"/><counter type="BRANCH" missed="1" covered="5"/><counter type="LINE" missed="1" covered="14"/><counter type="COMPLEXITY" missed="1" covered="3"/><counter type="METHOD" missed="0" covered="1"/></method><method name="processRepoInit" desc="(Lorg/apache/sling/provisioning/model/Feature;[Ljava/lang/String;[Ljava/lang/Object;)V" line="208"><counter type="INSTRUCTION" missed="0" covered="26"/><counter type="BRANCH" missed="0" covered="2"/><counter type="LINE" missed="0" covered="6"/><counter type="COMPLEXITY" missed="0" covered="2"/><counter type="METHOD" missed="0" covered="1"/></method><method name="&lt;clinit&gt;" desc="()V" line="54"><counter type="INSTRUCTION" missed="0" covered="33"/><counter type="LINE" missed="0" covered="7"/><counter type="COMPLEXITY" missed="0" covered="1"/><counter type="METHOD" missed="0" covered="1"/></method><counter type="INSTRUCTION" missed="33" covered="306"/><counter type="BRANCH" missed="4" covered="32"/><counter type="LINE" missed="4" covered="78"/><counter type="COMPLEXITY" missed="4" covered="23"/><counter type="METHOD" missed="0" covered="9"/><counter type="CLASS" missed="0" covered="1"/></class><class name="io/wcm/devops/conga/plugins/sling/util/ProvisioningUtil$1" sourcefilename="ProvisioningUtil.java"><method name="&lt;init&gt;" desc="(Lio/wcm/devops/conga/generator/spi/context/PostProcessorContext;Ljava/io/File;)V" line="204"><counter type="INSTRUCTION" missed="0" covered="9"/><counter type="LINE" missed="0" covered="1"/><counter type="COMPLEXITY" missed="0" covered="1"/><counter type="METHOD" missed="0" covered="1"/></method><method name="accept" desc="(Ljava/lang/String;Ljava/util/Dictionary;)Lio/wcm/devops/conga/generator/spi/context/FileContext;" line="209"><counter type="INSTRUCTION" missed="0" covered="33"/><counter type="LINE" missed="0" covered="6"/><counter type="COMPLEXITY" missed="0" covered="1"/><counter type="METHOD" missed="0" covered="1"/></method><counter type="INSTRUCTION" missed="0" covered="42"/><counter type="LINE" missed="0" covered="7"/><counter type="COMPLEXITY" missed="0" covered="2"/><counter type="METHOD" missed="0" covered="2"/><counter type="CLASS" missed="0" covered="1"/></class><class name="io/wcm/devops/conga/plugins/sling/util/ProvisioningUtil" sourcefilename="ProvisioningUtil.java"><method name="isProvisioningFile" desc="(Lio/wcm/devops/conga/generator/spi/context/FileContext;)Z" line="84"><counter type="INSTRUCTION" missed="3" covered="23"/><counter type="BRANCH" missed="0" covered="6"/><counter type="LINE" missed="2" covered="4"/><counter type="COMPLEXITY" missed="0" covered="4"/><counter type="METHOD" missed="0" covered="1"/></method><method name="getModel" desc="(Lio/wcm/devops/conga/generator/spi/context/FileContext;)Lorg/apache/sling/provisioning/model/Model;" line="104"><counter type="INSTRUCTION" missed="0" covered="30"/><counter type="LINE" missed="0" covered="5"/><counter type="COMPLEXITY" missed="0" covered="1"/><counter type="METHOD" missed="0" covered="1"/></method><method name="visitOsgiConfigurations" desc="(Lorg/apache/sling/provisioning/model/Model;Lio/wcm/devops/conga/plugins/sling/util/ConfigConsumer;)Ljava/util/List;" line="122"><counter type="INSTRUCTION" missed="1" covered="146"/><counter type="BRANCH" missed="3" covered="15"/><counter type="LINE" missed="1" covered="28"/><counter type="COMPLEXITY" missed="3" covered="7"/><counter type="METHOD" missed="0" covered="1"/></method><method name="getPathForConfiguration" desc="(Lorg/apache/sling/provisioning/model/Configuration;Lorg/apache/sling/provisioning/model/RunMode;)Ljava/lang/String;" line="175"><counter type="INSTRUCTION" missed="0" covered="54"/><counter type="BRANCH" missed="1" covered="7"/><counter type="LINE" missed="0" covered="10"/><counter type="COMPLEXITY" missed="1" covered="4"/><counter type="METHOD" missed="0" covered="1"/></method><method name="generateOsgiConfigurations" desc="(Lorg/apache/sling/provisioning/model/Model;Ljava/io/File;Lio/wcm/devops/conga/generator/spi/context/PostProcessorContext;)Ljava/util/List;" line="204"><counter type="INSTRUCTION" missed="0" covered="8"/><counter type="LINE" missed="0" covered="1"/><counter type="COMPLEXITY" missed="0" covered="1"/><counter type="METHOD" missed="0" covered="1"/></method><counter type="INSTRUCTION" missed="4" covered="261"/><counter type="BRANCH" missed="4" covered="28"/><counter type="LINE" missed="3" covered="48"/><counter type="COMPLEXITY" missed="4" covered="17"/><counter type="METHOD" missed="0" covered="5"/><counter type="CLASS" missed="0" covered="1"/></class><class name="io/wcm/devops/conga/plugins/sling/util/OsgiConfigUtil" sourcefilename="OsgiConfigUtil.java"><method name="write" desc="(Ljava/io/OutputStream;Ljava/util/Dictionary;)V" line="50"><counter type="INSTRUCTION" missed="0" covered="12"/><counter type="LINE" missed="0" covered="3"/><counter type="COMPLEXITY" missed="0" covered="1"/><counter type="METHOD" missed="0" covered="1"/></method><counter type="INSTRUCTION" missed="0" covered="12"/><counter type="LINE" missed="0" covered="3"/><counter type="COMPLEXITY" missed="0" covered="1"/><counter type="METHOD" missed="0" covered="1"/><counter type="CLASS" missed="0" covered="1"/></class><sourcefile name="JsonOsgiConfigUtil.java"><line nr="54" mi="0" ci="7" mb="0" cb="0"/><line nr="55" mi="0" ci="8" mb="0" cb="0"/><line nr="56" mi="0" ci="1" mb="0" cb="0"/><line nr="57" mi="0" ci="3" mb="0" cb="0"/><line nr="58" mi="0" ci="7" mb="0" cb="0"/><line nr="60" mi="0" ci="3" mb="0" cb="0"/><line nr="61" mi="0" ci="4" mb="0" cb="0"/><line nr="75" mi="0" ci="4" mb="0" cb="0"/><line nr="76" mi="0" ci="6" mb="0" cb="0"/><line nr="77" mi="0" ci="3" mb="0" cb="0"/><line nr="86" mi="0" ci="4" mb="0" cb="0"/><line nr="87" mi="0" ci="11" mb="0" cb="2"/><line nr="88" mi="0" ci="4" mb="0" cb="0"/><line nr="89" mi="0" ci="3" mb="0" cb="0"/><line nr="90" mi="0" ci="3" mb="0" cb="2"/><line nr="91" mi="0" ci="3" mb="0" cb="0"/><line nr="92" mi="0" ci="9" mb="0" cb="0"/><line nr="93" mi="0" ci="1" mb="0" cb="0"/><line nr="94" mi="0" ci="3" mb="0" cb="2"/><line nr="95" mi="0" ci="4" mb="0" cb="0"/><line nr="97" mi="0" ci="5" mb="0" cb="0"/><line nr="98" mi="0" ci="1" mb="0" cb="0"/><line nr="99" mi="0" ci="2" mb="0" cb="0"/><line nr="106" mi="0" ci="2" mb="0" cb="0"/><line nr="107" mi="0" ci="9" mb="0" cb="2"/><line nr="108" mi="0" ci="2" mb="0" cb="2"/><line nr="109" mi="0" ci="2" mb="0" cb="2"/><line nr="110" mi="0" ci="4" mb="0" cb="0"/><line nr="112" mi="0" ci="4" mb="0" cb="2"/><line nr="113" mi="0" ci="2" mb="0" cb="0"/><line nr="116" mi="0" ci="1" mb="0" cb="0"/><line nr="117" mi="0" ci="2" mb="0" cb="2"/><line nr="118" mi="0" ci="2" mb="0" cb="0"/><line nr="120" mi="0" ci="2" mb="0" cb="0"/><line nr="130" mi="0" ci="4" mb="0" cb="0"/><line nr="131" mi="0" ci="5" mb="0" cb="0"/><line nr="132" mi="0" ci="4" mb="0" cb="0"/><line nr="134" mi="0" ci="3" mb="0" cb="0"/><line nr="135" mi="0" ci="11" mb="0" cb="2"/><line nr="136" mi="0" ci="7" mb="0" cb="0"/><line nr="137" mi="0" ci="1" mb="0" cb="0"/><line nr="139" mi="0" ci="2" mb="0" cb="0"/><line nr="147" mi="0" ci="4" mb="0" cb="0"/><line nr="148" mi="0" ci="3" mb="0" cb="2"/><line nr="149" mi="0" ci="3" mb="1" cb="1"/><line nr="150" mi="0" ci="5" mb="0" cb="0"/><line nr="151" mi="0" ci="5" mb="0" cb="0"/><line nr="152" mi="0" ci="1" mb="0" cb="0"/><line nr="154" mi="9" ci="0" mb="0" cb="0"/><line nr="158" mi="0" ci="4" mb="0" cb="0"/><line nr="159" mi="0" ci="3" mb="1" cb="1"/><line nr="160" mi="0" ci="4" mb="1" cb="1"/><line nr="161" mi="0" ci="5" mb="0" cb="0"/><line nr="162" mi="0" ci="5" mb="0" cb="0"/><line nr="163" mi="0" ci="1" mb="0" cb="0"/><line nr="165" mi="9" ci="0" mb="0" cb="0"/><line nr="169" mi="6" ci="0" mb="0" cb="0"/><line nr="172" mi="0" ci="1" mb="0" cb="0"/><line nr="175" mi="0" ci="3" mb="0" cb="2"/><line nr="176" mi="0" ci="2" mb="0" cb="0"/><line nr="178" mi="0" ci="4" mb="0" cb="0"/><line nr="186" mi="0" ci="4" mb="0" cb="0"/><line nr="187" mi="0" ci="11" mb="0" cb="2"/><line nr="188" mi="0" ci="4" mb="0" cb="0"/><line nr="189" mi="0" ci="3" mb="0" cb="0"/><line nr="190" mi="0" ci="3" mb="1" cb="1"/><line nr="191" mi="0" ci="3" mb="0" cb="0"/><line nr="192" mi="0" ci="5" mb="0" cb="0"/><line nr="193" mi="0" ci="3" mb="0" cb="0"/><line nr="194" mi="0" ci="11" mb="0" cb="2"/><line nr="195" mi="0" ci="8" mb="0" cb="0"/><line nr="196" mi="0" ci="1" mb="0" cb="0"/><line nr="197" mi="0" ci="1" mb="0" cb="0"/><line nr="199" mi="9" ci="0" mb="0" cb="0"/><line nr="201" mi="0" ci="1" mb="0" cb="0"/><line nr="202" mi="0" ci="1" mb="0" cb="0"/><line nr="208" mi="0" ci="5" mb="0" cb="0"/><line nr="209" mi="0" ci="5" mb="0" cb="0"/><line nr="210" mi="0" ci="2" mb="0" cb="2"/><line nr="211" mi="0" ci="8" mb="0" cb="0"/><line nr="213" mi="0" ci="5" mb="0" cb="0"/><line nr="214" mi="0" ci="1" mb="0" cb="0"/><counter type="INSTRUCTION" missed="33" covered="306"/><counter type="BRANCH" missed="4" covered="32"/><counter type="LINE" missed="4" covered="78"/><counter type="COMPLEXITY" missed="4" covered="23"/><counter type="METHOD" missed="0" covered="9"/><counter type="CLASS" missed="0" covered="1"/></sourcefile><sourcefile name="RunModeComparator.java"><line nr="33" mi="0" ci="3" mb="0" cb="0"/><line nr="36" mi="0" ci="5" mb="0" cb="0"/><line nr="40" mi="0" ci="6" mb="0" cb="4"/><line nr="41" mi="0" ci="2" mb="0" cb="0"/><line nr="43" mi="0" ci="6" mb="1" cb="3"/><line nr="44" mi="2" ci="0" mb="0" cb="0"/><line nr="46" mi="0" ci="4" mb="0" cb="0"/><line nr="50" mi="0" ci="10" mb="1" cb="3"/><counter type="INSTRUCTION" missed="2" covered="36"/><counter type="BRANCH" missed="2" covered="10"/><counter type="LINE" missed="1" covered="7"/><counter type="COMPLEXITY" missed="2" covered="8"/><counter type="METHOD" missed="0" covered="4"/><counter type="CLASS" missed="0" covered="1"/></sourcefile><sourcefile name="OsgiConfigUtil.java"><line nr="50" mi="0" ci="6" mb="0" cb="0"/><line nr="51" mi="0" ci="5" mb="0" cb="0"/><line nr="53" mi="0" ci="1" mb="0" cb="0"/><counter type="INSTRUCTION" missed="0" covered="12"/><counter type="LINE" missed="0" covered="3"/><counter type="COMPLEXITY" missed="0" covered="1"/><counter type="METHOD" missed="0" covered="1"/><counter type="CLASS" missed="0" covered="1"/></sourcefile><sourcefile name="ConfigConsumer.java"/><sourcefile name="ProvisioningUtil.java"><line nr="84" mi="0" ci="4" mb="0" cb="2"/><line nr="85" mi="0" ci="2" mb="0" cb="0"/><line nr="89" mi="0" ci="7" mb="0" cb="2"/><line nr="90" mi="0" ci="10" mb="0" cb="2"/><line nr="92" mi="1" ci="0" mb="0" cb="0"/><line nr="93" mi="2" ci="0" mb="0" cb="0"/><line nr="104" mi="0" ci="9" mb="0" cb="0"/><line nr="105" mi="0" ci="7" mb="0" cb="0"/><line nr="106" mi="0" ci="4" mb="0" cb="0"/><line nr="107" mi="0" ci="6" mb="0" cb="0"/><line nr="108" mi="0" ci="4" mb="0" cb="0"/><line nr="122" mi="0" ci="4" mb="0" cb="0"/><line nr="123" mi="0" ci="11" mb="0" cb="2"/><line nr="126" mi="0" ci="11" mb="0" cb="2"/><line nr="127" mi="0" ci="11" mb="0" cb="2"/><line nr="128" mi="0" ci="4" mb="0" cb="0"/><line nr="129" mi="0" ci="6" mb="0" cb="0"/><line nr="130" mi="0" ci="2" mb="1" cb="1"/><line nr="131" mi="0" ci="4" mb="0" cb="0"/><line nr="133" mi="0" ci="1" mb="0" cb="0"/><line nr="134" mi="0" ci="1" mb="0" cb="0"/><line nr="137" mi="0" ci="12" mb="0" cb="2"/><line nr="140" mi="0" ci="3" mb="0" cb="0"/><line nr="141" mi="0" ci="3" mb="1" cb="1"/><line nr="142" mi="1" ci="0" mb="0" cb="0"/><line nr="146" mi="0" ci="6" mb="0" cb="0"/><line nr="148" mi="0" ci="2" mb="0" cb="2"/><line nr="149" mi="0" ci="8" mb="0" cb="0"/><line nr="152" mi="0" ci="5" mb="0" cb="0"/><line nr="156" mi="0" ci="4" mb="0" cb="0"/><line nr="157" mi="0" ci="11" mb="0" cb="2"/><line nr="158" mi="0" ci="6" mb="0" cb="0"/><line nr="159" mi="0" ci="11" mb="0" cb="0"/><line nr="160" mi="0" ci="4" mb="0" cb="0"/><line nr="161" mi="0" ci="6" mb="0" cb="0"/><line nr="162" mi="0" ci="2" mb="1" cb="1"/><line nr="163" mi="0" ci="4" mb="0" cb="0"/><line nr="165" mi="0" ci="1" mb="0" cb="0"/><line nr="167" mi="0" ci="1" mb="0" cb="0"/><line nr="168" mi="0" ci="2" mb="0" cb="0"/><line nr="175" mi="0" ci="7" mb="0" cb="0"/><line nr="176" mi="0" ci="3" mb="0" cb="2"/><line nr="177" mi="0" ci="6" mb="0" cb="0"/><line nr="181" mi="0" ci="4" mb="0" cb="0"/><line nr="182" mi="0" ci="6" mb="1" cb="3"/><line nr="183" mi="0" ci="8" mb="0" cb="0"/><line nr="187" mi="0" ci="3" mb="0" cb="2"/><line nr="188" mi="0" ci="7" mb="0" cb="0"/><line nr="190" mi="0" ci="7" mb="0" cb="0"/><line nr="192" mi="0" ci="3" mb="0" cb="0"/><line nr="204" mi="0" ci="17" mb="0" cb="0"/><line nr="209" mi="0" ci="6" mb="0" cb="0"/><line nr="211" mi="0" ci="7" mb="0" cb="0"/><line nr="212" mi="0" ci="4" mb="0" cb="0"/><line nr="213" mi="0" ci="5" mb="0" cb="0"/><line nr="214" mi="0" ci="3" mb="0" cb="0"/><line nr="217" mi="0" ci="8" mb="0" cb="0"/><counter type="INSTRUCTION" missed="4" covered="303"/><counter type="BRANCH" missed="4" covered="28"/><counter type="LINE" missed="3" covered="54"/><counter type="COMPLEXITY" missed="4" covered="19"/><counter type="METHOD" missed="0" covered="7"/><counter type="CLASS" missed="0" covered="2"/></sourcefile><counter type="INSTRUCTION" missed="39" covered="657"/><counter type="BRANCH" missed="10" covered="70"/><counter type="LINE" missed="8" covered="142"/><counter type="COMPLEXITY" missed="10" covered="51"/><counter type="METHOD" missed="0" covered="21"/><counter type="CLASS" missed="0" covered="5"/></package><package name="io/wcm/devops/conga/plugins/sling/validator"><class name="io/wcm/devops/conga/plugins/sling/validator/ProvisioningValidator" sourcefilename="ProvisioningValidator.java"><method name="&lt;init&gt;" desc="()V" line="33"><counter type="INSTRUCTION" missed="0" covered="3"/><counter type="LINE" missed="0" covered="1"/><counter type="COMPLEXITY" missed="0" covered="1"/><counter type="METHOD" missed="0" covered="1"/></method><method name="getName" desc="()Ljava/lang/String;" line="42"><counter type="INSTRUCTION" missed="0" covered="2"/><counter type="LINE" missed="0" covered="1"/><counter type="COMPLEXITY" missed="0" covered="1"/><counter type="METHOD" missed="0" covered="1"/></method><method name="accepts" desc="(Lio/wcm/devops/conga/generator/spi/context/FileContext;Lio/wcm/devops/conga/generator/spi/context/ValidatorContext;)Z" line="47"><counter type="INSTRUCTION" missed="0" covered="3"/><counter type="LINE" missed="0" covered="1"/><counter type="COMPLEXITY" missed="0" covered="1"/><counter type="METHOD" missed="0" covered="1"/></method><method name="apply" desc="(Lio/wcm/devops/conga/generator/spi/context/FileContext;Lio/wcm/devops/conga/generator/spi/context/ValidatorContext;)Ljava/lang/Void;" line="53"><counter type="INSTRUCTION" missed="0" covered="15"/><counter type="LINE" missed="0" covered="5"/><counter type="COMPLEXITY" missed="0" covered="1"/><counter type="METHOD" missed="0" covered="1"/></method><counter type="INSTRUCTION" missed="0" covered="23"/><counter type="LINE" missed="0" covered="8"/><counter type="COMPLEXITY" missed="0" covered="4"/><counter type="METHOD" missed="0" covered="4"/><counter type="CLASS" missed="0" covered="1"/></class><sourcefile name="ProvisioningValidator.java"><line nr="33" mi="0" ci="3" mb="0" cb="0"/><line nr="42" mi="0" ci="2" mb="0" cb="0"/><line nr="47" mi="0" ci="3" mb="0" cb="0"/><line nr="53" mi="0" ci="3" mb="0" cb="0"/><line nr="55" mi="0" ci="1" mb="0" cb="0"/><line nr="56" mi="0" ci="8" mb="0" cb="0"/><line nr="57" mi="0" ci="1" mb="0" cb="0"/><line nr="58" mi="0" ci="2" mb="0" cb="0"/><counter type="INSTRUCTION" missed="0" covered="23"/><counter type="LINE" missed="0" covered="8"/><counter type="COMPLEXITY" missed="0" covered="4"/><counter type="METHOD" missed="0" covered="4"/><counter type="CLASS" missed="0" covered="1"/></sourcefile><counter type="INSTRUCTION" missed="0" covered="23"/><counter type="LINE" missed="0" covered="8"/><counter type="COMPLEXITY" missed="0" covered="4"/><counter type="METHOD" missed="0" covered="4"/><counter type="CLASS" missed="0" covered="1"/></package><package name="io/wcm/devops/conga/plugins/sling/fileheader"><class name="io/wcm/devops/conga/plugins/sling/fileheader/ProvisioningFileHeader" sourcefilename="ProvisioningFileHeader.java"><method name="&lt;init&gt;" desc="()V" line="30"><counter type="INSTRUCTION" missed="0" covered="3"/><counter type="LINE" missed="0" covered="1"/><counter type="COMPLEXITY" missed="0" covered="1"/><counter type="METHOD" missed="0" covered="1"/></method><method name="getName" desc="()Ljava/lang/String;" line="39"><counter type="INSTRUCTION" missed="0" covered="2"/><counter type="LINE" missed="0" covered="1"/><counter type="COMPLEXITY" missed="0" covered="1"/><counter type="METHOD" missed="0" covered="1"/></method><method name="accepts" desc="(Lio/wcm/devops/conga/generator/spi/context/FileContext;Lio/wcm/devops/conga/generator/spi/context/FileHeaderContext;)Z" line="44"><counter type="INSTRUCTION" missed="0" covered="3"/><counter type="LINE" missed="0" covered="1"/><counter type="COMPLEXITY" missed="0" covered="1"/><counter type="METHOD" missed="0" covered="1"/></method><method name="getCommentLinePrefix" desc="()Ljava/lang/String;" line="49"><counter type="INSTRUCTION" missed="0" covered="2"/><counter type="LINE" missed="0" covered="1"/><counter type="COMPLEXITY" missed="0" covered="1"/><counter type="METHOD" missed="0" covered="1"/></method><method name="getBlockSuffix" desc="()Ljava/lang/String;" line="54"><counter type="INSTRUCTION" missed="0" covered="3"/><counter type="LINE" missed="0" covered="1"/><counter type="COMPLEXITY" missed="0" covered="1"/><counter type="METHOD" missed="0" covered="1"/></method><method name="extract" desc="(Lio/wcm/devops/conga/generator/spi/context/FileContext;)Lio/wcm/devops/conga/generator/spi/context/FileHeaderContext;" line="59"><counter type="INSTRUCTION" missed="0" covered="4"/><counter type="LINE" missed="0" covered="1"/><counter type="COMPLEXITY" missed="0" covered="1"/><counter type="METHOD" missed="0" covered="1"/></method><counter type="INSTRUCTION" missed="0" covered="17"/><counter type="LINE" missed="0" covered="6"/><counter type="COMPLEXITY" missed="0" covered="6"/><counter type="METHOD" missed="0" covered="6"/><counter type="CLASS" missed="0" covered="1"/></class><class name="io/wcm/devops/conga/plugins/sling/fileheader/OsgiConfigFileHeader" sourcefilename="OsgiConfigFileHeader.java"><method name="&lt;init&gt;" desc="()V" line="42"><counter type="INSTRUCTION" missed="0" covered="3"/><counter type="LINE" missed="0" covered="1"/><counter type="COMPLEXITY" missed="0" covered="1"/><counter type="METHOD" missed="0" covered="1"/></method><method name="getName" desc="()Ljava/lang/String;" line="53"><counter type="INSTRUCTION" missed="0" covered="2"/><counter type="LINE" missed="0" covered="1"/><counter type="COMPLEXITY" missed="0" covered="1"/><counter type="METHOD" missed="0" covered="1"/></method><method name="accepts" desc="(Lio/wcm/devops/conga/generator/spi/context/FileContext;Lio/wcm/devops/conga/generator/spi/context/FileHeaderContext;)Z" line="58"><counter type="INSTRUCTION" missed="0" covered="4"/><counter type="LINE" missed="0" covered="1"/><counter type="COMPLEXITY" missed="0" covered="1"/><counter type="METHOD" missed="0" covered="1"/></method><method name="sanitizeComment" desc="(Ljava/lang/String;)Ljava/lang/String;" line="63"><counter type="INSTRUCTION" missed="0" covered="13"/><counter type="BRANCH" missed="0" covered="4"/><counter type="LINE" missed="0" covered="3"/><counter type="COMPLEXITY" missed="0" covered="3"/><counter type="METHOD" missed="0" covered="1"/></method><method name="getCommentLinePrefix" desc="()Ljava/lang/String;" line="71"><counter type="INSTRUCTION" missed="0" covered="2"/><counter type="LINE" missed="0" covered="1"/><counter type="COMPLEXITY" missed="0" covered="1"/><counter type="METHOD" missed="0" covered="1"/></method><method name="getCommentBlockStart" desc="()Ljava/lang/String;" line="76"><counter type="INSTRUCTION" missed="0" covered="2"/><counter type="LINE" missed="0" covered="1"/><counter type="COMPLEXITY" missed="0" covered="1"/><counter type="METHOD" missed="0" covered="1"/></method><method name="getCommentBlockEnd" desc="()Ljava/lang/String;" line="81"><counter type="INSTRUCTION" missed="0" covered="2"/><counter type="LINE" missed="0" covered="1"/><counter type="COMPLEXITY" missed="0" covered="1"/><counter type="METHOD" missed="0" covered="1"/></method><method name="getLineBreak" desc="()Ljava/lang/String;" line="87"><counter type="INSTRUCTION" missed="0" covered="2"/><counter type="LINE" missed="0" covered="1"/><counter type="COMPLEXITY" missed="0" covered="1"/><counter type="METHOD" missed="0" covered="1"/></method><method name="extract" desc="(Lio/wcm/devops/conga/generator/spi/context/FileContext;)Lio/wcm/devops/conga/generator/spi/context/FileHeaderContext;" line="93"><counter type="INSTRUCTION" missed="12" covered="42"/><counter type="BRANCH" missed="2" covered="2"/><counter type="LINE" missed="4" covered="6"/><counter type="COMPLEXITY" missed="2" covered="1"/><counter type="METHOD" missed="0" covered="1"/></method><counter type="INSTRUCTION" missed="12" covered="72"/><counter type="BRANCH" missed="2" covered="6"/><counter type="LINE" missed="4" covered="16"/><counter type="COMPLEXITY" missed="2" covered="11"/><counter type="METHOD" missed="0" covered="9"/><counter type="CLASS" missed="0" covered="1"/></class><sourcefile name="ProvisioningFileHeader.java"><line nr="30" mi="0" ci="3" mb="0" cb="0"/><line nr="39" mi="0" ci="2" mb="0" cb="0"/><line nr="44" mi="0" ci="3" mb="0" cb="0"/><line nr="49" mi="0" ci="2" mb="0" cb="0"/><line nr="54" mi="0" ci="3" mb="0" cb="0"/><line nr="59" mi="0" ci="4" mb="0" cb="0"/><counter type="INSTRUCTION" missed="0" covered="17"/><counter type="LINE" missed="0" covered="6"/><counter type="COMPLEXITY" missed="0" covered="6"/><counter type="METHOD" missed="0" covered="6"/><counter type="CLASS" missed="0" covered="1"/></sourcefile><sourcefile name="OsgiConfigFileHeader.java"><line nr="42" mi="0" ci="3" mb="0" cb="0"/><line nr="53" mi="0" ci="2" mb="0" cb="0"/><line nr="58" mi="0" ci="4" mb="0" cb="0"/><line nr="63" mi="0" ci="8" mb="0" cb="4"/><line nr="64" mi="0" ci="2" mb="0" cb="0"/><line nr="66" mi="0" ci="3" mb="0" cb="0"/><line nr="71" mi="0" ci="2" mb="0" cb="0"/><line nr="76" mi="0" ci="2" mb="0" cb="0"/><line nr="81" mi="0" ci="2" mb="0" cb="0"/><line nr="87" mi="0" ci="2" mb="0" cb="0"/><line nr="93" mi="0" ci="6" mb="0" cb="0"/><line nr="94" mi="0" ci="4" mb="0" cb="0"/><line nr="95" mi="0" ci="10" mb="2" cb="2"/><line nr="96" mi="0" ci="8" mb="0" cb="0"/><line nr="97" mi="0" ci="8" mb="0" cb="0"/><line nr="98" mi="0" ci="6" mb="0" cb="0"/><line nr="101" mi="1" ci="0" mb="0" cb="0"/><line nr="102" mi="8" ci="0" mb="0" cb="0"/><line nr="103" mi="1" ci="0" mb="0" cb="0"/><line nr="104" mi="2" ci="0" mb="0" cb="0"/><counter type="INSTRUCTION" missed="12" covered="72"/><counter type="BRANCH" missed="2" covered="6"/><counter type="LINE" missed="4" covered="16"/><counter type="COMPLEXITY" missed="2" covered="11"/><counter type="METHOD" missed="0" covered="9"/><counter type="CLASS" missed="0" covered="1"/></sourcefile><counter type="INSTRUCTION" missed="12" covered="89"/><counter type="BRANCH" missed="2" covered="6"/><counter type="LINE" missed="4" covered="22"/><counter type="COMPLEXITY" missed="2" covered="17"/><counter type="METHOD" missed="0" covered="15"/><counter type="CLASS" missed="0" covered="2"/></package><counter type="INSTRUCTION" missed="69" covered="979"/><counter type="BRANCH" missed="14" covered="82"/><counter type="LINE" missed="17" covered="222"/><counter type="COMPLEXITY" missed="14" covered="94"/><counter type="METHOD" missed="0" covered="60"/><counter type="CLASS" missed="0" covered="13"/></report>